<?xml version="1.0" encoding="UTF-8"?>
<!-- Generated by org.testng.reporters.JUnitReportReporter -->
<testsuite hostname="IN-1PSZ9K3" failures="0" tests="2" name="pack1.Demo" time="14.959" errors="0" timestamp="2024-01-23T20:22:55 IST" skipped="0">
  <testcase classname="pack1.Demo" name="Test2" time="11.545"/>
  <system-out/>
  <testcase classname="pack1.Demo" name="Test1" time="3.414"/>
  <system-out/>
</testsuite> <!-- pack1.Demo -->
